0 verbose cli C:\Program Files\nodejs\node.exe C:\Program Files\nodejs\node_modules\npm\bin\npm-cli.js
1 info using npm@11.8.0
2 info using node@v24.13.1
3 silly config load:file:C:\Program Files\nodejs\node_modules\npm\npmrc
4 silly config load:file:C:\Users\beerk\LudoGame\.npmrc
5 silly config load:file:C:\Users\beerk\.npmrc
6 silly config load:file:C:\Users\beerk\AppData\Roaming\npm\etc\npmrc
7 verbose title npm install
8 verbose argv "install" "--cache" ".npm-cache"
9 verbose logfile logs-max:10 dir:C:\Users\beerk\LudoGame\.npm-cache\_logs\2026-03-11T05_48_50_992Z-
10 verbose logfile C:\Users\beerk\LudoGame\.npm-cache\_logs\2026-03-11T05_48_50_992Z-debug-0.log
11 silly logfile done cleaning log files
12 silly packumentCache heap:4496293888 maxSize:1124073472 maxEntrySize:562036736
13 silly idealTree buildDeps
14 warn EBADENGINE Unsupported engine {
14 warn EBADENGINE   package: 'ludo_app@1.0.0',
14 warn EBADENGINE   required: { node: '>=20.19.0 <24' },
14 warn EBADENGINE   current: { node: 'v24.13.1', npm: '11.8.0' }
14 warn EBADENGINE }
15 verbose shrinkwrap failed to load node_modules/.package-lock.json missing from node_modules: node_modules/@react-native/metro-config
16 silly reify moves {}
17 silly audit bulk request {
17 silly audit   '@0no-co/graphql.web': [ '1.2.0' ],
17 silly audit   '@alloc/quick-lru': [ '5.2.0' ],
17 silly audit   '@ampproject/remapping': [ '2.3.0' ],
17 silly audit   '@babel/code-frame': [ '7.29.0', '7.10.4' ],
17 silly audit   '@babel/compat-data': [ '7.29.0' ],
17 silly audit   '@babel/core': [ '7.26.9' ],
17 silly audit   '@babel/eslint-parser': [ '7.28.6' ],
17 silly audit   '@babel/generator': [ '7.29.1' ],
17 silly audit   '@babel/helper-annotate-as-pure': [ '7.27.3' ],
17 silly audit   '@babel/helper-compilation-targets': [ '7.28.6' ],
17 silly audit   '@babel/helper-create-class-features-plugin': [ '7.28.6' ],
17 silly audit   '@babel/helper-create-regexp-features-plugin': [ '7.28.5' ],
17 silly audit   '@babel/helper-define-polyfill-provider': [ '0.6.6' ],
17 silly audit   resolve: [ '1.22.11', '2.0.0-next.6', '1.7.1', '1.22.10' ],
17 silly audit   '@babel/helper-globals': [ '7.28.0' ],
17 silly audit   '@babel/helper-member-expression-to-functions': [ '7.28.5' ],
17 silly audit   '@babel/helper-module-imports': [ '7.28.6' ],
17 silly audit   '@babel/helper-module-transforms': [ '7.28.6' ],
17 silly audit   '@babel/helper-optimise-call-expression': [ '7.27.1' ],
17 silly audit   '@babel/helper-plugin-utils': [ '7.28.6' ],
17 silly audit   '@babel/helper-remap-async-to-generator': [ '7.27.1' ],
17 silly audit   '@babel/helper-replace-supers': [ '7.28.6' ],
17 silly audit   '@babel/helper-skip-transparent-expression-wrappers': [ '7.27.1' ],
17 silly audit   '@babel/helper-string-parser': [ '7.27.1' ],
17 silly audit   '@babel/helper-validator-identifier': [ '7.28.5' ],
17 silly audit   '@babel/helper-validator-option': [ '7.27.1' ],
17 silly audit   '@babel/helper-wrap-function': [ '7.28.6' ],
17 silly audit   '@babel/helpers': [ '7.27.6' ],
17 silly audit   '@babel/highlight': [ '7.25.9' ],
17 silly audit   'ansi-styles': [ '3.2.1', '4.3.0', '5.2.0' ],
17 silly audit   chalk: [ '2.4.2', '4.1.2' ],
17 silly audit   'color-convert': [ '1.9.3', '2.0.1' ],
17 silly audit   'color-name': [ '1.1.3', '1.1.4' ],
17 silly audit   'escape-string-regexp': [ '1.0.5', '4.0.0', '2.0.0' ],
17 silly audit   'has-flag': [ '3.0.0', '4.0.0' ],
17 silly audit   'supports-color': [ '5.5.0', '8.1.1', '7.2.0' ],
17 silly audit   '@babel/parser': [ '7.29.0' ],
17 silly audit   '@babel/plugin-proposal-decorators': [ '7.29.0' ],
17 silly audit   '@babel/plugin-proposal-export-default-from': [ '7.27.1' ],
17 silly audit   '@babel/plugin-syntax-async-generators': [ '7.8.4' ],
17 silly audit   '@babel/plugin-syntax-bigint': [ '7.8.3' ],
17 silly audit   '@babel/plugin-syntax-class-properties': [ '7.12.13' ],
17 silly audit   '@babel/plugin-syntax-class-static-block': [ '7.14.5' ],
17 silly audit   '@babel/plugin-syntax-decorators': [ '7.28.6' ],
17 silly audit   '@babel/plugin-syntax-dynamic-import': [ '7.8.3' ],
17 silly audit   '@babel/plugin-syntax-export-default-from': [ '7.28.6' ],
17 silly audit   '@babel/plugin-syntax-flow': [ '7.28.6' ],
17 silly audit   '@babel/plugin-syntax-import-attributes': [ '7.26.0' ],
17 silly audit   '@babel/plugin-syntax-import-meta': [ '7.10.4' ],
17 silly audit   '@babel/plugin-syntax-json-strings': [ '7.8.3' ],
17 silly audit   '@babel/plugin-syntax-jsx': [ '7.28.6' ],
17 silly audit   '@babel/plugin-syntax-logical-assignment-operators': [ '7.10.4' ],
17 silly audit   '@babel/plugin-syntax-nullish-coalescing-operator': [ '7.8.3' ],
17 silly audit   '@babel/plugin-syntax-numeric-separator': [ '7.10.4' ],
17 silly audit   '@babel/plugin-syntax-object-rest-spread': [ '7.8.3' ],
17 silly audit   '@babel/plugin-syntax-optional-catch-binding': [ '7.8.3' ],
17 silly audit   '@babel/plugin-syntax-optional-chaining': [ '7.8.3' ],
17 silly audit   '@babel/plugin-syntax-private-property-in-object': [ '7.14.5' ],
17 silly audit   '@babel/plugin-syntax-top-level-await': [ '7.14.5' ],
17 silly audit   '@babel/plugin-syntax-typescript': [ '7.28.6' ],
17 silly audit   '@babel/plugin-transform-arrow-functions': [ '7.27.1' ],
17 silly audit   '@babel/plugin-transform-async-generator-functions': [ '7.29.0' ],
17 silly audit   '@babel/plugin-transform-async-to-generator': [ '7.28.6' ],
17 silly audit   '@babel/plugin-transform-block-scoping': [ '7.28.6' ],
17 silly audit   '@babel/plugin-transform-class-properties': [ '7.28.6' ],
17 silly audit   '@babel/plugin-transform-class-static-block': [ '7.28.6' ],
17 silly audit   '@babel/plugin-transform-classes': [ '7.28.6' ],
17 silly audit   '@babel/plugin-transform-computed-properties': [ '7.28.6' ],
17 silly audit   '@babel/plugin-transform-destructuring': [ '7.28.5' ],
17 silly audit   '@babel/plugin-transform-export-namespace-from': [ '7.27.1' ],
17 silly audit   '@babel/plugin-transform-flow-strip-types': [ '7.27.1' ],
17 silly audit   '@babel/plugin-transform-for-of': [ '7.27.1' ],
17 silly audit   '@babel/plugin-transform-function-name': [ '7.27.1' ],
17 silly audit   '@babel/plugin-transform-literals': [ '7.27.1' ],
17 silly audit   '@babel/plugin-transform-logical-assignment-operators': [ '7.28.6' ],
17 silly audit   '@babel/plugin-transform-modules-commonjs': [ '7.28.6' ],
17 silly audit   '@babel/plugin-transform-named-capturing-groups-regex': [ '7.29.0' ],
17 silly audit   '@babel/plugin-transform-nullish-coalescing-operator': [ '7.28.6' ],
17 silly audit   '@babel/plugin-transform-numeric-separator': [ '7.28.6' ],
17 silly audit   '@babel/plugin-transform-object-rest-spread': [ '7.28.6' ],
17 silly audit   '@babel/plugin-transform-optional-catch-binding': [ '7.28.6' ],
17 silly audit   '@babel/plugin-transform-optional-chaining': [ '7.28.6' ],
17 silly audit   '@babel/plugin-transform-parameters': [ '7.27.7' ],
17 silly audit   '@babel/plugin-transform-private-methods': [ '7.28.6' ],
17 silly audit   '@babel/plugin-transform-private-property-in-object': [ '7.28.6' ],
17 silly audit   '@babel/plugin-transform-react-display-name': [ '7.28.0' ],
17 silly audit   '@babel/plugin-transform-react-jsx': [ '7.28.6' ],
17 silly audit   '@babel/plugin-transform-react-jsx-development': [ '7.27.1' ],
17 silly audit   '@babel/plugin-transform-react-jsx-self': [ '7.27.1' ],
17 silly audit   '@babel/plugin-transform-react-jsx-source': [ '7.27.1' ],
17 silly audit   '@babel/plugin-transform-react-pure-annotations': [ '7.27.1' ],
17 silly audit   '@babel/plugin-transform-regenerator': [ '7.29.0' ],
17 silly audit   '@babel/plugin-transform-runtime': [ '7.29.0' ],
17 silly audit   '@babel/plugin-transform-shorthand-properties': [ '7.27.1' ],
17 silly audit   '@babel/plugin-transform-spread': [ '7.28.6' ],
17 silly audit   '@babel/plugin-transform-sticky-regex': [ '7.27.1' ],
17 silly audit   '@babel/plugin-transform-template-literals': [ '7.27.1' ],
17 silly audit   '@babel/plugin-transform-typescript': [ '7.28.6' ],
17 silly audit   '@babel/plugin-transform-unicode-regex': [ '7.27.1' ],
17 silly audit   '@babel/preset-react': [ '7.28.5' ],
17 silly audit   '@babel/preset-typescript': [ '7.28.5' ],
17 silly audit   '@babel/runtime': [ '7.27.6' ],
17 silly audit   '@babel/template': [ '7.28.6' ],
17 silly audit   '@babel/traverse': [ '7.29.0' ],
17 silly audit   '@babel/types': [ '7.29.0' ],
17 silly audit   '@bcoe/v8-coverage': [ '0.2.3' ],
17 silly audit   '@egjs/hammerjs': [ '2.0.17' ],
17 silly audit   '@eslint-community/eslint-utils': [ '4.4.1' ],
17 silly audit   'eslint-visitor-keys': [ '3.4.3', '2.1.0' ],
17 silly audit   '@eslint-community/regexpp': [ '4.12.1' ],
17 silly audit   '@eslint/eslintrc': [ '2.1.4' ],
17 silly audit   'brace-expansion': [ '1.1.12', '5.0.4', '2.0.2' ],
17 silly audit   globals: [ '13.24.0' ],
17 silly audit   minimatch: [ '3.1.2', '10.2.4', '3.1.5', '9.0.9' ],
17 silly audit   'type-fest': [ '0.20.2', '0.7.1', '0.21.3' ],
17 silly audit   '@eslint/js': [ '8.57.1' ],
17 silly audit   '@expo/code-signing-certificates': [ '0.0.6' ],
17 silly audit   '@expo/config': [ '12.0.13' ],
17 silly audit   '@expo/config-plugins': [ '54.0.4' ],
17 silly audit   'balanced-match': [ '4.0.4', '1.0.2' ],
17 silly audit   glob: [ '13.0.6', '7.2.3' ],
17 silly audit   'resolve-from': [ '5.0.0', '3.0.0', '4.0.0' ],
17 silly audit   semver: [ '7.7.4', '7.7.1', '7.7.2', '6.3.1' ],
17 silly audit   '@expo/config-types': [ '54.0.10' ],
17 silly audit   '@expo/devcert': [ '1.2.1' ],
17 silly audit   debug: [ '3.2.7', '2.6.9', '4.4.3' ],
17 silly audit   '@expo/devtools': [ '0.1.8' ],
17 silly audit   '@expo/env': [ '2.0.11' ],
17 silly audit   '@expo/fingerprint': [ '0.15.4' ],
17 silly audit   '@expo/image-utils': [ '0.8.12' ],
17 silly audit   '@expo/json-file': [ '10.0.12' ],
17 silly audit   '@expo/metro': [ '54.2.0' ],
17 silly audit   'ci-info': [ '2.0.0', '3.9.0' ],
17 silly audit   'hermes-estree': [ '0.32.0', '0.29.1', '0.33.3' ],
17 silly audit   'hermes-parser': [ '0.32.0', '0.29.1', '0.33.3' ],
17 silly audit   metro: [ '0.83.3', '0.83.1', '0.83.5' ],
17 silly audit   'metro-babel-transformer': [ '0.83.3', '0.83.1', '0.83.5' ],
17 silly audit   'metro-cache': [ '0.83.3', '0.83.5', '0.83.1' ],
17 silly audit   'metro-cache-key': [ '0.83.3', '0.83.1', '0.83.5' ],
17 silly audit   'metro-config': [ '0.83.3', '0.83.5', '0.83.1' ],
17 silly audit   'metro-core': [ '0.83.3', '0.83.5', '0.83.1' ],
17 silly audit   'metro-file-map': [ '0.83.3', '0.83.5', '0.83.1' ],
17 silly audit   'metro-minify-terser': [ '0.83.3', '0.83.5', '0.83.1' ],
17 silly audit   'metro-resolver': [ '0.83.3', '0.83.5', '0.83.1' ],
17 silly audit   'metro-runtime': [ '0.83.3', '0.83.5', '0.83.1' ],
17 silly audit   'metro-source-map': [ '0.83.3', '0.83.5', '0.83.1' ],
17 silly audit   'metro-symbolicate': [ '0.83.3', '0.83.5', '0.83.1' ],
17 silly audit   'metro-transform-plugins': [ '0.83.3', '0.83.5', '0.83.1' ],
17 silly audit   'metro-transform-worker': [ '0.83.3', '0.83.5', '0.83.1' ],
17 silly audit   ob1: [ '0.83.3', '0.83.1', '0.83.5' ],
17 silly audit   'source-map': [ '0.5.7', '0.6.1' ],
17 silly audit   ws: [ '7.5.10', '8.19.0', '6.2.3' ],
17 silly audit   '@expo/osascript': [ '2.4.2' ],
17 silly audit   '@expo/package-manager': [ '1.10.3' ],
17 silly audit   '@expo/plist': [ '0.4.8' ],
17 silly audit   '@expo/prebuild-config': [ '54.0.8' ],
17 silly audit   '@expo/schema-utils': [ '0.1.8' ],
17 silly audit   '@expo/sdk-runtime-versions': [ '1.0.0' ],
17 silly audit   '@expo/spawn-async': [ '1.7.2' ],
17 silly audit   '@expo/sudo-prompt': [ '9.3.2' ],
17 silly audit   '@expo/vector-icons': [ '15.0.3' ],
17 silly audit   '@expo/ws-tunnel': [ '1.0.6' ],
17 silly audit   '@expo/xcpretty': [ '4.4.1' ],
17 silly audit   '@firebase/ai': [ '2.9.0' ],
17 silly audit   '@firebase/analytics': [ '0.10.20' ],
17 silly audit   '@firebase/analytics-compat': [ '0.2.26' ],
17 silly audit   '@firebase/analytics-types': [ '0.8.3' ],
17 silly audit   '@firebase/app': [ '0.14.9' ],
17 silly audit   '@firebase/app-check': [ '0.11.1' ],
17 silly audit   '@firebase/app-check-compat': [ '0.4.1' ],
17 silly audit   '@firebase/app-check-interop-types': [ '0.3.3' ],
17 silly audit   '@firebase/app-check-types': [ '0.5.3' ],
17 silly audit   '@firebase/app-compat': [ '0.5.9' ],
17 silly audit   '@firebase/app-types': [ '0.9.3' ],
17 silly audit   '@firebase/auth': [ '1.12.1' ],
17 silly audit   '@firebase/auth-compat': [ '0.6.3' ],
17 silly audit   '@firebase/auth-interop-types': [ '0.2.4' ],
17 silly audit   '@firebase/auth-types': [ '0.13.0' ],
17 silly audit   '@firebase/component': [ '0.7.1' ],
17 silly audit   '@firebase/data-connect': [ '0.4.0' ],
17 silly audit   '@firebase/database': [ '1.1.1' ],
17 silly audit   '@firebase/database-compat': [ '2.1.1' ],
17 silly audit   '@firebase/database-types': [ '1.0.17' ],
17 silly audit   '@firebase/firestore': [ '4.12.0' ],
17 silly audit   '@firebase/firestore-compat': [ '0.4.6' ],
17 silly audit   '@firebase/firestore-types': [ '3.0.3' ],
17 silly audit   '@firebase/functions': [ '0.13.2' ],
17 silly audit   '@firebase/functions-compat': [ '0.4.2' ],
17 silly audit   '@firebase/functions-types': [ '0.6.3' ],
17 silly audit   '@firebase/installations': [ '0.6.20' ],
17 silly audit   '@firebase/installations-compat': [ '0.2.20' ],
17 silly audit   '@firebase/installations-types': [ '0.5.3' ],
17 silly audit   '@firebase/logger': [ '0.5.0' ],
17 silly audit   '@firebase/messaging': [ '0.12.24' ],
17 silly audit   '@firebase/messaging-compat': [ '0.2.24' ],
17 silly audit   '@firebase/messaging-interop-types': [ '0.2.3' ],
17 silly audit   '@firebase/performance': [ '0.7.10' ],
17 silly audit   '@firebase/performance-compat': [ '0.2.23' ],
17 silly audit   '@firebase/performance-types': [ '0.2.3' ],
17 silly audit   '@firebase/remote-config': [ '0.8.1' ],
17 silly audit   '@firebase/remote-config-compat': [ '0.2.22' ],
17 silly audit   '@firebase/remote-config-types': [ '0.5.0' ],
17 silly audit   '@firebase/storage': [ '0.14.1' ],
17 silly audit   '@firebase/storage-compat': [ '0.4.1' ],
17 silly audit   '@firebase/storage-types': [ '0.8.3' ],
17 silly audit   '@firebase/util': [ '1.14.0' ],
17 silly audit   '@firebase/webchannel-wrapper': [ '1.0.5' ],
17 silly audit   '@grpc/grpc-js': [ '1.9.15' ],
17 silly audit   '@grpc/proto-loader': [ '0.7.15' ],
17 silly audit   '@hapi/hoek': [ '9.3.0' ],
17 silly audit   '@hapi/topo': [ '5.1.0' ],
17 silly audit   '@humanwhocodes/config-array': [ '0.13.0' ],
17 silly audit   '@humanwhocodes/module-importer': [ '1.0.1' ],
17 silly audit   '@humanwhocodes/object-schema': [ '2.0.3' ],
17 silly audit   '@isaacs/fs-minipass': [ '4.0.1' ],
17 silly audit   '@isaacs/ttlcache': [ '1.4.1' ],
17 silly audit   '@istanbuljs/load-nyc-config': [ '1.1.0' ],
17 silly audit   argparse: [ '1.0.10', '2.0.1' ],
17 silly audit   'find-up': [ '4.1.0', '5.0.0' ],
17 silly audit   'js-yaml': [ '3.14.1', '3.14.2', '4.1.0' ],
17 silly audit   'locate-path': [ '5.0.0', '6.0.0' ],
17 silly audit   'p-limit': [ '2.3.0', '3.1.0' ],
17 silly audit   'p-locate': [ '4.1.0', '5.0.0' ],
17 silly audit   '@istanbuljs/schema': [ '0.1.3' ],
17 silly audit   '@jest/console': [ '29.7.0' ],
17 silly audit   '@jest/core': [ '29.7.0' ],
17 silly audit   'strip-ansi': [ '6.0.1', '5.2.0' ],
17 silly audit   '@jest/create-cache-key-function': [ '29.7.0' ],
17 silly audit   '@jest/environment': [ '29.7.0' ],
17 silly audit   '@jest/expect': [ '29.7.0' ],
17 silly audit   '@jest/expect-utils': [ '29.7.0' ],
17 silly audit   '@jest/fake-timers': [ '29.7.0' ],
17 silly audit   '@jest/globals': [ '29.7.0' ],
17 silly audit   '@jest/reporters': [ '29.7.0' ],
17 silly audit   '@jest/schemas': [ '29.6.3' ],
17 silly audit   '@jest/source-map': [ '29.6.3' ],
17 silly audit   '@jest/test-result': [ '29.7.0' ],
17 silly audit   '@jest/test-sequencer': [ '29.7.0' ],
17 silly audit   '@jest/transform': [ '29.7.0' ],
17 silly audit   '@jest/types': [ '29.6.3' ],
17 silly audit   '@jridgewell/gen-mapping': [ '0.3.13' ],
17 silly audit   '@jridgewell/resolve-uri': [ '3.1.2' ],
17 silly audit   '@jridgewell/source-map': [ '0.3.11' ],
17 silly audit   '@jridgewell/sourcemap-codec': [ '1.5.0' ],
17 silly audit   '@jridgewell/trace-mapping': [ '0.3.31' ],
17 silly audit   '@nicolo-ribaudo/eslint-scope-5-internals': [ '5.1.1-v1' ],
17 silly audit   '@nodelib/fs.scandir': [ '2.1.5' ],
17 silly audit   '@nodelib/fs.stat': [ '2.0.5' ],
17 silly audit   '@nodelib/fs.walk': [ '1.2.8' ],
17 silly audit   '@protobufjs/aspromise': [ '1.1.2' ],
17 silly audit   '@protobufjs/base64': [ '1.1.2' ],
17 silly audit   '@protobufjs/codegen': [ '2.0.4' ],
17 silly audit   '@protobufjs/eventemitter': [ '1.1.0' ],
17 silly audit   '@protobufjs/fetch': [ '1.1.0' ],
17 silly audit   '@protobufjs/float': [ '1.0.2' ],
17 silly audit   '@protobufjs/inquire': [ '1.1.0' ],
17 silly audit   '@protobufjs/path': [ '1.1.2' ],
17 silly audit   '@protobufjs/pool': [ '1.1.0' ],
17 silly audit   '@protobufjs/utf8': [ '1.1.0' ],
17 silly audit   '@react-native-async-storage/async-storage': [ '2.2.0' ],
17 silly audit   '@react-native-community/cli': [ '20.1.2' ],
17 silly audit   '@react-native-community/cli-clean': [ '20.1.2' ],
17 silly audit   '@react-native-community/cli-config': [ '20.1.2' ],
17 silly audit   '@react-native-community/cli-config-android': [ '20.1.2' ],
17 silly audit   '@react-native-community/cli-config-apple': [ '20.1.2' ],
17 silly audit   cosmiconfig: [ '9.0.1', '8.3.6', '5.2.1' ],
17 silly audit   '@react-native-community/cli-doctor': [ '20.1.2' ],
17 silly audit   'cli-cursor': [ '3.1.0', '2.1.0' ],
17 silly audit   'log-symbols': [ '4.1.0', '2.2.0' ],
17 silly audit   ora: [ '5.4.1', '3.4.0' ],
17 silly audit   'restore-cursor': [ '3.1.0', '2.0.0' ],
17 silly audit   '@react-native-community/cli-platform-android': [ '20.1.2' ],
17 silly audit   '@react-native-community/cli-platform-apple': [ '20.1.2' ],
17 silly audit   '@react-native-community/cli-platform-ios': [ '20.1.2' ],
17 silly audit   '@react-native-community/cli-server-api': [ '20.1.2' ],
17 silly audit   'is-wsl': [ '1.1.0', '2.2.0' ],
17 silly audit   open: [ '6.4.0', '8.4.2', '7.4.2' ],
17 silly audit   '@react-native-community/cli-tools': [ '20.1.2' ],
17 silly audit   mime: [ '2.6.0', '1.6.0' ],
17 silly audit   '@react-native-community/cli-types': [ '20.1.2' ],
17 silly audit   commander: [ '9.5.0', '7.2.0', '12.1.0', '4.1.1', '2.20.3' ],
17 silly audit   '@react-native/assets-registry': [ '0.81.5' ],
17 silly audit   '@react-native/babel-plugin-codegen': [ '0.81.5', '0.84.1' ],
17 silly audit   '@react-native/babel-preset': [ '0.81.5', '0.84.1' ],
17 silly audit   '@react-native/codegen': [ '0.81.5', '0.84.1' ],
17 silly audit   '@react-native/community-cli-plugin': [ '0.81.5' ],
17 silly audit   '@react-native/debugger-frontend': [ '0.81.5' ],
17 silly audit   '@react-native/dev-middleware': [ '0.81.5' ],
17 silly audit   '@react-native/eslint-config': [ '0.81.6' ],
17 silly audit   '@react-native/eslint-plugin': [ '0.81.6' ],
17 silly audit   '@react-native/gradle-plugin': [ '0.81.5' ],
17 silly audit   '@react-native/js-polyfills': [ '0.81.5' ],
17 silly audit   '@react-native/metro-babel-transformer': [ '0.84.1', '0.81.5' ],
17 silly audit   'babel-plugin-syntax-hermes-parser': [ '0.32.0', '0.29.1' ],
17 silly audit   '@react-native/metro-config': [ '0.81.5' ],
17 silly audit   '@react-native/normalize-colors': [ '0.81.5' ],
17 silly audit   '@react-native/typescript-config': [ '0.81.6' ],
17 silly audit   '@react-navigation/core': [ '7.16.1' ],
17 silly audit   'react-is': [ '19.2.4', '16.13.1', '18.3.1' ],
17 silly audit   '@react-navigation/elements': [ '2.9.10' ],
17 silly audit   '@react-navigation/native': [ '7.1.33' ],
17 silly audit   '@react-navigation/native-stack': [ '7.2.1' ],
17 silly audit   '@react-navigation/routers': [ '7.5.3' ],
17 silly audit   '@reduxjs/toolkit': [ '2.6.1' ],
17 silly audit   '@sideway/address': [ '4.1.5' ],
17 silly audit   '@sideway/formula': [ '3.0.1' ],
17 silly audit   '@sideway/pinpoint': [ '2.0.0' ],
17 silly audit   '@sinclair/typebox': [ '0.27.8' ],
17 silly audit   '@sinonjs/commons': [ '3.0.1' ],
17 silly audit   '@sinonjs/fake-timers': [ '10.3.0' ],
17 silly audit   '@svgr/babel-plugin-add-jsx-attribute': [ '8.0.0' ],
17 silly audit   '@svgr/babel-plugin-remove-jsx-attribute': [ '8.0.0' ],
17 silly audit   '@svgr/babel-plugin-remove-jsx-empty-expression': [ '8.0.0' ],
17 silly audit   '@svgr/babel-plugin-replace-jsx-attribute-value': [ '8.0.0' ],
17 silly audit   '@svgr/babel-plugin-svg-dynamic-title': [ '8.0.0' ],
17 silly audit   '@svgr/babel-plugin-svg-em-dimensions': [ '8.0.0' ],
17 silly audit   '@svgr/babel-plugin-transform-react-native-svg': [ '8.1.0' ],
17 silly audit   '@svgr/babel-plugin-transform-svg-component': [ '8.0.0' ],
17 silly audit   '@svgr/babel-preset': [ '8.1.0' ],
17 silly audit   '@svgr/core': [ '8.1.0' ],
17 silly audit   camelcase: [ '6.3.0', '5.3.1' ],
17 silly audit   '@svgr/hast-util-to-babel-ast': [ '8.0.0' ],
17 silly audit   '@svgr/plugin-jsx': [ '8.1.0' ],
17 silly audit   '@svgr/plugin-svgo': [ '8.1.0' ],
17 silly audit   '@trysound/sax': [ '0.2.0' ],
17 silly audit   '@types/babel__core': [ '7.20.5' ],
17 silly audit   '@types/babel__generator': [ '7.6.8' ],
17 silly audit   '@types/babel__template': [ '7.4.4' ],
17 silly audit   '@types/babel__traverse': [ '7.20.6' ],
17 silly audit   '@types/graceful-fs': [ '4.1.9' ],
17 silly audit   '@types/hammerjs': [ '2.0.46' ],
17 silly audit   '@types/istanbul-lib-coverage': [ '2.0.6' ],
17 silly audit   '@types/istanbul-lib-report': [ '3.0.3' ],
17 silly audit   '@types/istanbul-reports': [ '3.0.4' ],
17 silly audit   '@types/jest': [ '29.5.14' ],
17 silly audit   '@types/json-schema': [ '7.0.15' ],
17 silly audit   '@types/node': [ '22.13.10' ],
17 silly audit   '@types/react': [ '19.1.17' ],
17 silly audit   '@types/react-test-renderer': [ '19.0.0' ],
17 silly audit   '@types/semver': [ '7.7.1' ],
17 silly audit   '@types/stack-utils': [ '2.0.3' ],
17 silly audit   '@types/use-sync-external-store': [ '0.0.6' ],
17 silly audit   '@types/yargs': [ '17.0.33' ],
17 silly audit   '@types/yargs-parser': [ '21.0.3' ],
17 silly audit   '@typescript-eslint/eslint-plugin': [ '7.18.0' ],
17 silly audit   '@typescript-eslint/parser': [ '7.18.0' ],
17 silly audit   '@typescript-eslint/scope-manager': [ '7.18.0', '5.62.0' ],
17 silly audit   '@typescript-eslint/type-utils': [ '7.18.0' ],
17 silly audit   '@typescript-eslint/types': [ '7.18.0', '5.62.0' ],
17 silly audit   '@typescript-eslint/typescript-estree': [ '7.18.0', '5.62.0' ],
17 silly audit   '@typescript-eslint/utils': [ '7.18.0', '5.62.0' ],
17 silly audit   '@typescript-eslint/visitor-keys': [ '7.18.0', '5.62.0' ],
17 silly audit   '@ungap/structured-clone': [ '1.3.0' ],
17 silly audit   '@urql/core': [ '5.2.0' ],
17 silly audit   '@urql/exchange-retry': [ '1.3.2' ],
17 silly audit   '@vscode/sudo-prompt': [ '9.3.2' ],
17 silly audit   '@xmldom/xmldom': [ '0.8.11' ],
17 silly audit   'abort-controller': [ '3.0.0' ],
17 silly audit   accepts: [ '1.3.8', '2.0.0' ],
17 silly audit   negotiator: [ '0.6.3', '0.6.4', '1.0.0' ],
17 silly audit   acorn: [ '8.16.0' ],
17 silly audit   'acorn-jsx': [ '5.3.2' ],
17 silly audit   'agent-base': [ '7.1.4' ],
17 silly audit   ajv: [ '6.12.6' ],
17 silly audit   anser: [ '1.4.10' ],
17 silly audit   'ansi-escapes': [ '4.3.2' ],
17 silly audit   'ansi-fragments': [ '0.2.1' ],
17 silly audit   'ansi-regex': [ '5.0.1', '4.1.1' ],
17 silly audit   'any-promise': [ '1.3.0' ],
17 silly audit   anymatch: [ '3.1.3' ],
17 silly audit   appdirsjs: [ '1.2.7' ],
17 silly audit   arg: [ '5.0.2' ],
17 silly audit   'array-buffer-byte-length': [ '1.0.2' ],
17 silly audit   'array-includes': [ '3.1.9' ],
17 silly audit   'array-timsort': [ '1.0.3' ],
17 silly audit   'array-union': [ '2.1.0' ],
17 silly audit   'array.prototype.findlast': [ '1.2.5' ],
17 silly audit   'array.prototype.flat': [ '1.3.3' ],
17 silly audit   'array.prototype.flatmap': [ '1.3.3' ],
17 silly audit   'array.prototype.tosorted': [ '1.1.4' ],
17 silly audit   'arraybuffer.prototype.slice': [ '1.0.4' ],
17 silly audit   asap: [ '2.0.6' ],
17 silly audit   'astral-regex': [ '1.0.0' ],
17 silly audit   'async-function': [ '1.0.0' ],
17 silly audit   'async-limiter': [ '1.0.1' ],
17 silly audit   'available-typed-arrays': [ '1.0.7' ],
17 silly audit   'babel-jest': [ '29.7.0' ],
17 silly audit   'babel-plugin-istanbul': [ '6.1.1' ],
17 silly audit   'istanbul-lib-instrument': [ '5.2.1', '6.0.3' ],
17 silly audit   'babel-plugin-jest-hoist': [ '29.6.3' ],
17 silly audit   'babel-plugin-polyfill-corejs2': [ '0.4.15' ],
17 silly audit   'babel-plugin-polyfill-corejs3': [ '0.13.0' ],
17 silly audit   'babel-plugin-polyfill-regenerator': [ '0.6.6' ],
17 silly audit   'babel-plugin-react-compiler': [ '1.0.0' ],
17 silly audit   'babel-plugin-react-native-web': [ '0.21.2' ],
17 silly audit   'babel-plugin-transform-flow-enums': [ '0.0.2' ],
17 silly audit   'babel-preset-current-node-syntax': [ '1.1.0' ],
17 silly audit   'babel-preset-expo': [ '54.0.10' ],
17 silly audit   'babel-preset-jest': [ '29.6.3' ],
17 silly audit   'base64-js': [ '1.5.1' ],
17 silly audit   'baseline-browser-mapping': [ '2.10.0' ],
17 silly audit   'better-opn': [ '3.0.2' ],
17 silly audit   'big-integer': [ '1.6.52' ],
17 silly audit   'binary-extensions': [ '2.3.0' ],
17 silly audit   bl: [ '4.1.0' ],
17 silly audit   'body-parser': [ '2.2.2' ],
17 silly audit   'on-finished': [ '2.4.1', '2.3.0' ],
17 silly audit   boolbase: [ '1.0.0' ],
17 silly audit   'bplist-creator': [ '0.1.0' ],
17 silly audit   'bplist-parser': [ '0.3.1' ],
17 silly audit   braces: [ '3.0.3' ],
17 silly audit   browserslist: [ '4.28.1' ],
17 silly audit   bser: [ '2.1.1' ],
17 silly audit   buffer: [ '5.7.1' ],
17 silly audit   'buffer-from': [ '1.1.2' ],
17 silly audit   bytes: [ '3.1.2' ],
17 silly audit   'call-bind': [ '1.0.8' ],
17 silly audit   'call-bind-apply-helpers': [ '1.0.2' ],
17 silly audit   'call-bound': [ '1.0.4' ],
17 silly audit   'caller-callsite': [ '2.0.0' ],
17 silly audit   callsites: [ '2.0.0', '3.1.0' ],
17 silly audit   'caller-path': [ '2.0.0' ],
17 silly audit   'camelcase-css': [ '2.0.1' ],
17 silly audit   'caniuse-lite': [ '1.0.30001777' ],
17 silly audit   'char-regex': [ '1.0.2' ],
17 silly audit   chokidar: [ '3.6.0' ],
17 silly audit   'glob-parent': [ '5.1.2', '6.0.2' ],
17 silly audit   chownr: [ '3.0.0' ],
17 silly audit   'chrome-launcher': [ '0.15.2' ],
17 silly audit   'chromium-edge-launcher': [ '0.2.0' ],
17 silly audit   'cjs-module-lexer': [ '1.4.3' ],
17 silly audit   'cli-spinners': [ '2.9.2' ],
17 silly audit   cliui: [ '8.0.1', '6.0.0' ],
17 silly audit   clone: [ '1.0.4' ],
17 silly audit   co: [ '4.6.0' ],
17 silly audit   'collect-v8-coverage': [ '1.0.2' ],
17 silly audit   color: [ '4.2.3' ],
17 silly audit   'color-string': [ '1.9.1' ],
17 silly audit   colorette: [ '1.4.0' ],
17 silly audit   'command-exists': [ '1.2.9' ],
17 silly audit   'comment-json': [ '4.6.2' ],
17 silly audit   compressible: [ '2.0.18' ],
17 silly audit   compression: [ '1.8.1' ],
17 silly audit   ms: [ '2.0.0', '2.1.3' ],
17 silly audit   'concat-map': [ '0.0.1' ],
17 silly audit   connect: [ '3.7.0' ],
17 silly audit   'content-type': [ '1.0.5' ],
17 silly audit   'convert-source-map': [ '2.0.0' ],
17 silly audit   'core-js-compat': [ '3.48.0' ],
17 silly audit   'import-fresh': [ '2.0.0', '3.3.1' ],
17 silly audit   'parse-json': [ '4.0.0', '5.2.0' ],
17 silly audit   'create-jest': [ '29.7.0' ],
17 silly audit   'cross-spawn': [ '7.0.6' ],
17 silly audit   'css-select': [ '5.1.0' ],
17 silly audit   'css-tree': [ '1.1.3', '2.2.1', '2.3.1' ],
17 silly audit   'css-what': [ '6.1.0' ],
17 silly audit   cssesc: [ '3.0.0' ],
17 silly audit   csso: [ '5.0.5' ],
17 silly audit   'mdn-data': [ '2.0.28', '2.0.14', '2.0.30' ],
17 silly audit   csstype: [ '3.2.3' ],
17 silly audit   'data-view-buffer': [ '1.0.2' ],
17 silly audit   'data-view-byte-length': [ '1.0.2' ],
17 silly audit   'data-view-byte-offset': [ '1.0.1' ],
17 silly audit   dayjs: [ '1.11.19' ],
17 silly audit   decamelize: [ '1.2.0' ],
17 silly audit   'decode-uri-component': [ '0.2.2' ],
17 silly audit   dedent: [ '1.5.3' ],
17 silly audit   'deep-extend': [ '0.6.0' ],
17 silly audit   'deep-is': [ '0.1.4' ],
17 silly audit   deepmerge: [ '4.3.1' ],
17 silly audit   defaults: [ '1.0.4' ],
17 silly audit   'define-data-property': [ '1.1.4' ],
17 silly audit   'define-lazy-prop': [ '2.0.0' ],
17 silly audit   'define-properties': [ '1.2.1' ],
17 silly audit   depd: [ '2.0.0' ],
17 silly audit   destroy: [ '1.2.0' ],
17 silly audit   'detect-libc': [ '1.0.3', '2.1.2' ],
17 silly audit   'detect-newline': [ '3.1.0' ],
17 silly audit   didyoumean: [ '1.2.2' ],
17 silly audit   'diff-sequences': [ '29.6.3' ],
17 silly audit   'dir-glob': [ '3.0.1' ],
17 silly audit   dlv: [ '1.1.3' ],
17 silly audit   doctrine: [ '3.0.0', '2.1.0' ],
17 silly audit   'dom-serializer': [ '2.0.0' ],
17 silly audit   domelementtype: [ '2.3.0' ],
17 silly audit   domhandler: [ '5.0.3' ],
17 silly audit   domutils: [ '3.2.2' ],
17 silly audit   'dot-case': [ '3.0.4' ],
17 silly audit   dotenv: [ '16.4.7' ],
17 silly audit   'dotenv-expand': [ '11.0.7' ],
17 silly audit   'dunder-proto': [ '1.0.1' ],
17 silly audit   'ee-first': [ '1.1.1' ],
17 silly audit   'electron-to-chromium': [ '1.5.307' ],
17 silly audit   emittery: [ '0.13.1' ],
17 silly audit   'emoji-regex': [ '8.0.0' ],
17 silly audit   encodeurl: [ '1.0.2', '2.0.0' ],
17 silly audit   entities: [ '4.5.0' ],
17 silly audit   'env-editor': [ '0.4.2' ],
17 silly audit   'env-paths': [ '2.2.1' ],
17 silly audit   envinfo: [ '7.21.0' ],
17 silly audit   'error-ex': [ '1.3.2' ],
17 silly audit   'error-stack-parser': [ '2.1.4' ],
17 silly audit   errorhandler: [ '1.5.2' ],
17 silly audit   'es-abstract': [ '1.24.1' ],
17 silly audit   'es-define-property': [ '1.0.1' ],
17 silly audit   'es-errors': [ '1.3.0' ],
17 silly audit   'es-iterator-helpers': [ '1.2.2' ],
17 silly audit   'es-object-atoms': [ '1.1.1' ],
17 silly audit   'es-set-tostringtag': [ '2.1.0' ],
17 silly audit   'es-shim-unscopables': [ '1.1.0' ],
17 silly audit   'es-to-primitive': [ '1.3.0' ],
17 silly audit   escalade: [ '3.2.0' ],
17 silly audit   'escape-html': [ '1.0.3' ],
17 silly audit   eslint: [ '8.57.1' ],
17 silly audit   'eslint-config-prettier': [ '8.10.2' ],
17 silly audit   'eslint-plugin-eslint-comments': [ '3.2.0' ],
17 silly audit   'eslint-plugin-ft-flow': [ '2.0.3' ],
17 silly audit   'eslint-plugin-jest': [ '27.9.0' ],
17 silly audit   'eslint-plugin-react': [ '7.37.5' ],
17 silly audit   'eslint-plugin-react-hooks': [ '5.2.0' ],
17 silly audit   'eslint-plugin-react-native': [ '4.1.0' ],
17 silly audit   'eslint-plugin-react-native-globals': [ '0.1.2' ],
17 silly audit   'eslint-scope': [ '5.1.1', '7.2.2' ],
17 silly audit   estraverse: [ '4.3.0', '5.3.0' ],
17 silly audit   espree: [ '9.6.1' ],
17 silly audit   esprima: [ '4.0.1' ],
17 silly audit   esquery: [ '1.6.0' ],
17 silly audit   esrecurse: [ '4.3.0' ],
17 silly audit   esutils: [ '2.0.3' ],
17 silly audit   etag: [ '1.8.1' ],
17 silly audit   'event-target-shim': [ '5.0.1' ],
17 silly audit   execa: [ '5.1.1' ],
17 silly audit   exit: [ '0.1.2' ],
17 silly audit   expect: [ '29.7.0' ],
17 silly audit   expo: [ '54.0.33' ],
17 silly audit   'expo-auth-session': [ '7.0.10' ],
17 silly audit   'expo-application': [ '7.0.8' ],
17 silly audit   'expo-constants': [ '18.0.13' ],
17 silly audit   'expo-crypto': [ '15.0.8' ],
17 silly audit   'expo-av': [ '16.0.8' ],
17 silly audit   'expo-font': [ '14.0.11' ],
17 silly audit   'expo-linear-gradient': [ '15.0.8' ],
17 silly audit   'expo-linking': [ '8.0.11' ],
17 silly audit   'expo-modules-autolinking': [ '3.0.24' ],
17 silly audit   'expo-modules-core': [ '3.0.29' ],
17 silly audit   'expo-server': [ '1.0.5' ],
17 silly audit   'expo-splash-screen': [ '31.0.13' ],
17 silly audit   'expo-status-bar': [ '3.0.9' ],
17 silly audit   'expo-system-ui': [ '6.0.9' ],
17 silly audit   'expo-web-browser': [ '15.0.10' ],
17 silly audit   '@expo/cli': [ '54.0.23' ],
17 silly audit   '@expo/metro-config': [ '54.0.14' ],
17 silly audit   'expo-asset': [ '12.0.12' ],
17 silly audit   'expo-file-system': [ '19.0.21' ],
17 silly audit   'expo-keep-awake': [ '15.0.8' ],
17 silly audit   lightningcss: [ '1.31.1', '1.27.0' ],
17 silly audit   'lightningcss-darwin-arm64': [ '1.31.1', '1.27.0' ],
17 silly audit   'lightningcss-darwin-x64': [ '1.31.1', '1.27.0' ],
17 silly audit   'lightningcss-freebsd-x64': [ '1.31.1', '1.27.0' ],
17 silly audit   'lightningcss-linux-arm-gnueabihf': [ '1.31.1', '1.27.0' ],
17 silly audit   'lightningcss-linux-arm64-gnu': [ '1.31.1', '1.27.0' ],
17 silly audit   'lightningcss-linux-arm64-musl': [ '1.31.1', '1.27.0' ],
17 silly audit   'lightningcss-linux-x64-gnu': [ '1.31.1', '1.27.0' ],
17 silly audit   'lightningcss-linux-x64-musl': [ '1.31.1', '1.27.0' ],
17 silly audit   'lightningcss-win32-arm64-msvc': [ '1.31.1', '1.27.0' ],
17 silly audit   'lightningcss-win32-x64-msvc': [ '1.31.1', '1.27.0' ],
17 silly audit   picomatch: [ '3.0.1', '2.3.1', '4.0.3' ],
17 silly audit   'source-map-support': [ '0.5.21', '0.5.13' ],
17 silly audit   'exponential-backoff': [ '3.1.2' ],
17 silly audit   'fast-deep-equal': [ '3.1.3' ],
17 silly audit   'fast-glob': [ '3.3.3' ],
17 silly audit   'fast-json-stable-stringify': [ '2.1.0' ],
17 silly audit   'fast-levenshtein': [ '2.0.6' ],
17 silly audit   'fast-xml-builder': [ '1.0.0' ],
17 silly audit   'fast-xml-parser': [ '5.4.2' ],
17 silly audit   fastq: [ '1.19.1' ],
17 silly audit   'faye-websocket': [ '0.11.4' ],
17 silly audit   'fb-watchman': [ '2.0.2' ],
17 silly audit   'file-entry-cache': [ '6.0.1' ],
17 silly audit   'fill-range': [ '7.1.1' ],
17 silly audit   'filter-obj': [ '1.1.0' ],
17 silly audit   finalhandler: [ '1.1.2' ],
17 silly audit   firebase: [ '12.10.0' ],
17 silly audit   'flat-cache': [ '3.2.0' ],
17 silly audit   flatted: [ '3.3.3' ],
17 silly audit   'flow-enums-runtime': [ '0.0.6' ],
17 silly audit   fontfaceobserver: [ '2.3.0' ],
17 silly audit   'for-each': [ '0.3.5' ],
17 silly audit   'freeport-async': [ '2.0.0' ],
17 silly audit   fresh: [ '0.5.2' ],
17 silly audit   'fs-extra': [ '8.1.0' ],
17 silly audit   'fs.realpath': [ '1.0.0' ],
17 silly audit   fsevents: [ '2.3.3' ],
17 silly audit   'function-bind': [ '1.1.2' ],
17 silly audit   'function.prototype.name': [ '1.1.8' ],
17 silly audit   'functions-have-names': [ '1.2.3' ],
17 silly audit   'generator-function': [ '2.0.1' ],
17 silly audit   gensync: [ '1.0.0-beta.2' ],
17 silly audit   'get-caller-file': [ '2.0.5' ],
17 silly audit   'get-intrinsic': [ '1.3.0' ],
17 silly audit   'get-package-type': [ '0.1.0' ],
17 silly audit   'get-proto': [ '1.0.1' ],
17 silly audit   'get-stream': [ '6.0.1' ],
17 silly audit   'get-symbol-description': [ '1.1.0' ],
17 silly audit   getenv: [ '2.0.0' ],
17 silly audit   globalthis: [ '1.0.4' ],
17 silly audit   globby: [ '11.1.0' ],
17 silly audit   gopd: [ '1.2.0' ],
17 silly audit   'graceful-fs': [ '4.2.11' ],
17 silly audit   graphemer: [ '1.4.0' ],
17 silly audit   'has-bigints': [ '1.1.0' ],
17 silly audit   'has-property-descriptors': [ '1.0.2' ],
17 silly audit   'has-proto': [ '1.2.0' ],
17 silly audit   'has-symbols': [ '1.1.0' ],
17 silly audit   'has-tostringtag': [ '1.0.2' ],
17 silly audit   hasown: [ '2.0.2' ],
17 silly audit   'hoist-non-react-statics': [ '3.3.2' ],
17 silly audit   'hosted-git-info': [ '7.0.2' ],
17 silly audit   'lru-cache': [ '10.4.3', '5.1.1', '11.2.6' ],
17 silly audit   'html-escaper': [ '2.0.2' ],
17 silly audit   'http-errors': [ '2.0.1' ],
17 silly audit   statuses: [ '2.0.2', '1.5.0' ],
17 silly audit   'http-parser-js': [ '0.5.10' ],
17 silly audit   'https-proxy-agent': [ '7.0.6' ],
17 silly audit   'human-signals': [ '2.1.0' ],
17 silly audit   'iconv-lite': [ '0.7.2' ],
17 silly audit   idb: [ '7.1.1' ],
17 silly audit   ieee754: [ '1.2.1' ],
17 silly audit   ignore: [ '5.3.2' ],
17 silly audit   'image-size': [ '1.2.1' ],
17 silly audit   immer: [ '10.1.1' ],
17 silly audit   'import-local': [ '3.2.0' ],
17 silly audit   imurmurhash: [ '0.1.4' ],
17 silly audit   inflight: [ '1.0.6' ],
17 silly audit   inherits: [ '2.0.4' ],
17 silly audit   ini: [ '1.3.8' ],
17 silly audit   'internal-slot': [ '1.1.0' ],
17 silly audit   invariant: [ '2.2.4' ],
17 silly audit   'is-array-buffer': [ '3.0.5' ],
17 silly audit   'is-arrayish': [ '0.2.1', '0.3.4' ],
17 silly audit   'is-async-function': [ '2.1.1' ],
17 silly audit   'is-bigint': [ '1.1.0' ],
17 silly audit   'is-binary-path': [ '2.1.0' ],
17 silly audit   'is-boolean-object': [ '1.2.2' ],
17 silly audit   'is-callable': [ '1.2.7' ],
17 silly audit   'is-core-module': [ '2.16.1' ],
17 silly audit   'is-data-view': [ '1.0.2' ],
17 silly audit   'is-date-object': [ '1.1.0' ],
17 silly audit   'is-directory': [ '0.3.1' ],
17 silly audit   'is-docker': [ '2.2.1' ],
17 silly audit   'is-extglob': [ '2.1.1' ],
17 silly audit   'is-finalizationregistry': [ '1.1.1' ],
17 silly audit   'is-fullwidth-code-point': [ '2.0.0', '3.0.0' ],
17 silly audit   'is-generator-fn': [ '2.1.0' ],
17 silly audit   'is-generator-function': [ '1.1.2' ],
17 silly audit   'is-glob': [ '4.0.3' ],
17 silly audit   'is-interactive': [ '1.0.0' ],
17 silly audit   'is-map': [ '2.0.3' ],
17 silly audit   'is-negative-zero': [ '2.0.3' ],
17 silly audit   'is-number': [ '7.0.0' ],
17 silly audit   'is-number-object': [ '1.1.1' ],
17 silly audit   'is-path-inside': [ '3.0.3' ],
17 silly audit   'is-plain-obj': [ '2.1.0' ],
17 silly audit   'is-regex': [ '1.2.1' ],
17 silly audit   'is-set': [ '2.0.3' ],
17 silly audit   'is-shared-array-buffer': [ '1.0.4' ],
17 silly audit   'is-stream': [ '2.0.1' ],
17 silly audit   'is-string': [ '1.1.1' ],
17 silly audit   'is-symbol': [ '1.1.1' ],
17 silly audit   'is-typed-array': [ '1.1.15' ],
17 silly audit   'is-unicode-supported': [ '0.1.0' ],
17 silly audit   'is-weakmap': [ '2.0.2' ],
17 silly audit   'is-weakref': [ '1.1.1' ],
17 silly audit   'is-weakset': [ '2.0.4' ],
17 silly audit   isarray: [ '2.0.5' ],
17 silly audit   isexe: [ '2.0.0' ],
17 silly audit   'istanbul-lib-coverage': [ '3.2.2' ],
17 silly audit   'istanbul-lib-report': [ '3.0.1' ],
17 silly audit   'istanbul-lib-source-maps': [ '4.0.1' ],
17 silly audit   'istanbul-reports': [ '3.1.7' ],
17 silly audit   'iterator.prototype': [ '1.1.5' ],
17 silly audit   jest: [ '29.7.0' ],
17 silly audit   'jest-changed-files': [ '29.7.0' ],
17 silly audit   'jest-circus': [ '29.7.0' ],
17 silly audit   'jest-cli': [ '29.7.0' ],
17 silly audit   'jest-config': [ '29.7.0' ],
17 silly audit   'jest-diff': [ '29.7.0' ],
17 silly audit   'jest-docblock': [ '29.7.0' ],
17 silly audit   'jest-each': [ '29.7.0' ],
17 silly audit   'jest-environment-node': [ '29.7.0' ],
17 silly audit   'jest-get-type': [ '29.6.3' ],
17 silly audit   'jest-haste-map': [ '29.7.0' ],
17 silly audit   'jest-leak-detector': [ '29.7.0' ],
17 silly audit   'jest-matcher-utils': [ '29.7.0' ],
17 silly audit   'jest-message-util': [ '29.7.0' ],
17 silly audit   'jest-mock': [ '29.7.0' ],
17 silly audit   'jest-pnp-resolver': [ '1.2.3' ],
17 silly audit   'jest-regex-util': [ '29.6.3' ],
17 silly audit   'jest-resolve': [ '29.7.0' ],
17 silly audit   'jest-resolve-dependencies': [ '29.7.0' ],
17 silly audit   'jest-runner': [ '29.7.0' ],
17 silly audit   'jest-runtime': [ '29.7.0' ],
17 silly audit   'jest-snapshot': [ '29.7.0' ],
17 silly audit   'jest-util': [ '29.7.0' ],
17 silly audit   'jest-validate': [ '29.7.0' ],
17 silly audit   'jest-watcher': [ '29.7.0' ],
17 silly audit   'jest-worker': [ '29.7.0' ],
17 silly audit   'jimp-compact': [ '0.16.1' ],
17 silly audit   jiti: [ '1.21.7' ],
17 silly audit   joi: [ '17.13.3' ],
17 silly audit   'js-tokens': [ '4.0.0' ],
17 silly audit   'jsc-safe-url': [ '0.2.4' ],
17 silly audit   jsesc: [ '3.1.0' ],
17 silly audit   'json-buffer': [ '3.0.1' ],
17 silly audit   'json-parse-better-errors': [ '1.0.2' ],
17 silly audit   'json-parse-even-better-errors': [ '2.3.1' ],
17 silly audit   'json-schema-traverse': [ '0.4.1' ],
17 silly audit   'json-stable-stringify-without-jsonify': [ '1.0.1' ],
17 silly audit   json5: [ '2.2.3' ],
17 silly audit   jsonfile: [ '4.0.0' ],
17 silly audit   'jsx-ast-utils': [ '3.3.5' ],
17 silly audit   keyv: [ '4.5.4' ],
17 silly audit   kleur: [ '3.0.3' ],
17 silly audit   'lan-network': [ '0.1.7' ],
17 silly audit   'launch-editor': [ '2.13.1' ],
17 silly audit   leven: [ '3.1.0' ],
17 silly audit   levn: [ '0.4.1' ],
17 silly audit   'lighthouse-logger': [ '1.4.2' ],
17 silly audit   'lightningcss-android-arm64': [ '1.31.1' ],
17 silly audit   lilconfig: [ '3.1.3' ],
17 silly audit   'lines-and-columns': [ '1.2.4' ],
17 silly audit   lodash: [ '4.17.23' ],
17 silly audit   'lodash.camelcase': [ '4.3.0' ],
17 silly audit   'lodash.debounce': [ '4.0.8' ],
17 silly audit   'lodash.merge': [ '4.6.2' ],
17 silly audit   'lodash.throttle': [ '4.1.1' ],
17 silly audit   logkitty: [ '0.7.1' ],
17 silly audit   'wrap-ansi': [ '6.2.0', '7.0.0' ],
17 silly audit   y18n: [ '4.0.3', '5.0.8' ],
17 silly audit   yargs: [ '15.4.1', '17.7.2' ],
17 silly audit   'yargs-parser': [ '18.1.3', '21.1.1' ],
17 silly audit   long: [ '5.3.2' ],
17 silly audit   'loose-envify': [ '1.4.0' ],
17 silly audit   'lottie-react-native': [ '7.3.6' ],
17 silly audit   'lower-case': [ '2.0.2' ],
17 silly audit   'make-dir': [ '4.0.0' ],
17 silly audit   makeerror: [ '1.0.12' ],
17 silly audit   marky: [ '1.3.0' ],
17 silly audit   'math-intrinsics': [ '1.1.0' ],
17 silly audit   'media-typer': [ '1.1.0' ],
17 silly audit   'memoize-one': [ '5.2.1' ],
17 silly audit   'merge-options': [ '3.0.4' ],
17 silly audit   'merge-stream': [ '2.0.0' ],
17 silly audit   merge2: [ '1.4.1' ],
17 silly audit   'mime-types': [ '3.0.2', '2.1.35' ],
17 silly audit   micromatch: [ '4.0.8' ],
17 silly audit   'mime-db': [ '1.54.0', '1.52.0' ],
17 silly audit   'mimic-fn': [ '2.1.0', '1.2.0' ],
17 silly audit   minimist: [ '1.2.8' ],
17 silly audit   minipass: [ '7.1.3' ],
17 silly audit   minizlib: [ '3.1.0' ],
17 silly audit   mkdirp: [ '1.0.4' ],
17 silly audit   mz: [ '2.7.0' ],
17 silly audit   nanoid: [ '3.3.11' ],
17 silly audit   nativewind: [ '4.2.2' ],
17 silly audit   'natural-compare': [ '1.4.0' ],
17 silly audit   'nested-error-stacks': [ '2.0.1' ],
17 silly audit   'no-case': [ '3.0.4' ],
17 silly audit   nocache: [ '3.0.4' ],
17 silly audit   'node-exports-info': [ '1.6.0' ],
17 silly audit   'node-forge': [ '1.3.3' ],
17 silly audit   'node-int64': [ '0.4.0' ],
17 silly audit   'node-releases': [ '2.0.36' ],
17 silly audit   'node-stream-zip': [ '1.15.0' ],
17 silly audit   'normalize-path': [ '3.0.0' ],
17 silly audit   'npm-package-arg': [ '11.0.3' ],
17 silly audit   'npm-run-path': [ '4.0.1' ],
17 silly audit   'nth-check': [ '2.1.1' ],
17 silly audit   nullthrows: [ '1.1.1' ],
17 silly audit   'object-assign': [ '4.1.1' ],
17 silly audit   'object-hash': [ '3.0.0' ],
17 silly audit   'object-inspect': [ '1.13.4' ],
17 silly audit   'object-keys': [ '1.1.1' ],
17 silly audit   'object.assign': [ '4.1.7' ],
17 silly audit   'object.entries': [ '1.1.9' ],
17 silly audit   'object.fromentries': [ '2.0.8' ],
17 silly audit   'object.values': [ '1.2.1' ],
17 silly audit   'on-headers': [ '1.1.0' ],
17 silly audit   once: [ '1.4.0' ],
17 silly audit   onetime: [ '5.1.2', '2.0.1' ],
17 silly audit   optionator: [ '0.9.4' ],
17 silly audit   'own-keys': [ '1.0.1' ],
17 silly audit   'p-try': [ '2.2.0' ],
17 silly audit   'parent-module': [ '1.0.1' ],
17 silly audit   'parse-png': [ '2.1.0' ],
17 silly audit   parseurl: [ '1.3.3' ],
17 silly audit   'path-dirname': [ '1.0.2' ],
17 silly audit   'path-exists': [ '4.0.0' ],
17 silly audit   'path-is-absolute': [ '1.0.1' ],
17 silly audit   'path-key': [ '3.1.1' ],
17 silly audit   'path-parse': [ '1.0.7' ],
17 silly audit   'path-scurry': [ '2.0.2' ],
17 silly audit   'path-type': [ '4.0.0' ],
17 silly audit   picocolors: [ '1.1.1' ],
17 silly audit   pirates: [ '4.0.6' ],
17 silly audit   'pkg-dir': [ '4.2.0' ],
17 silly audit   plist: [ '3.1.0' ],
17 silly audit   pngjs: [ '3.4.0' ],
17 silly audit   'possible-typed-array-names': [ '1.1.0' ],
17 silly audit   postcss: [ '8.4.49' ],
17 silly audit   'postcss-import': [ '15.1.0' ],
17 silly audit   'postcss-js': [ '4.1.0' ],
17 silly audit   'postcss-load-config': [ '6.0.1' ],
17 silly audit   'postcss-nested': [ '6.2.0' ],
17 silly audit   'postcss-selector-parser': [ '6.1.2' ],
17 silly audit   'postcss-value-parser': [ '4.2.0' ],
17 silly audit   'prelude-ls': [ '1.2.1' ],
17 silly audit   prettier: [ '2.8.8' ],
17 silly audit   'pretty-bytes': [ '5.6.0' ],
17 silly audit   'pretty-format': [ '29.7.0' ],
17 silly audit   'proc-log': [ '4.2.0' ],
17 silly audit   progress: [ '2.0.3' ],
17 silly audit   promise: [ '8.3.0' ],
17 silly audit   prompts: [ '2.4.2' ],
17 silly audit   'prop-types': [ '15.8.1' ],
17 silly audit   protobufjs: [ '7.5.4' ],
17 silly audit   punycode: [ '2.3.1' ],
17 silly audit   'pure-rand': [ '6.1.0' ],
17 silly audit   'qrcode-terminal': [ '0.11.0' ],
17 silly audit   qs: [ '6.15.0' ],
17 silly audit   'query-string': [ '7.1.3' ],
17 silly audit   queue: [ '6.0.2' ],
17 silly audit   'queue-microtask': [ '1.2.3' ],
17 silly audit   'range-parser': [ '1.2.1' ],
17 silly audit   'raw-body': [ '3.0.2' ],
17 silly audit   rc: [ '1.2.8' ],
17 silly audit   'strip-json-comments': [ '2.0.1', '3.1.1' ],
17 silly audit   react: [ '19.1.0' ],
17 silly audit   'react-devtools-core': [ '6.1.5' ],
17 silly audit   'react-freeze': [ '1.0.4' ],
17 silly audit   'react-native': [ '0.81.5' ],
17 silly audit   'react-native-animatable': [ '1.3.3' ],
17 silly audit   'react-native-css-interop': [ '0.2.2' ],
17 silly audit   'react-native-gesture-handler': [ '2.28.0' ],
17 silly audit   'react-native-heroicons': [ '4.0.0' ],
17 silly audit   'react-native-is-edge-to-edge': [ '1.3.1' ],
17 silly audit   'react-native-modal': [ '13.0.1' ],
17 silly audit   'react-native-reanimated': [ '4.1.6' ],
17 silly audit   'react-native-safe-area-context': [ '5.6.2' ],
17 silly audit   'react-native-screens': [ '4.16.0' ],
17 silly audit   'react-native-svg': [ '15.12.1' ],
17 silly audit   'react-native-svg-transformer': [ '1.5.1' ],
17 silly audit   'react-native-worklets': [ '0.5.1' ],
17 silly audit   '@react-native/virtualized-lists': [ '0.81.5' ],
17 silly audit   'regenerator-runtime': [ '0.13.11' ],
17 silly audit   'react-redux': [ '9.2.0' ],
17 silly audit   'react-refresh': [ '0.14.2' ],
17 silly audit   'react-test-renderer': [ '19.1.0' ],
17 silly audit   'read-cache': [ '1.0.0' ],
17 silly audit   pify: [ '2.3.0' ],
17 silly audit   'readable-stream': [ '3.6.2' ],
17 silly audit   readdirp: [ '3.6.0' ],
17 silly audit   redux: [ '5.0.1' ],
17 silly audit   'redux-persist': [ '6.0.0' ],
17 silly audit   'redux-thunk': [ '3.1.0' ],
17 silly audit   'reflect.getprototypeof': [ '1.0.10' ],
17 silly audit   regenerate: [ '1.4.2' ],
17 silly audit   'regenerate-unicode-properties': [ '10.2.2' ],
17 silly audit   'regexp.prototype.flags': [ '1.5.4' ],
17 silly audit   'regexpu-core': [ '6.4.0' ],
17 silly audit   regjsgen: [ '0.8.0' ],
17 silly audit   regjsparser: [ '0.13.0' ],
17 silly audit   'require-directory': [ '2.1.1' ],
17 silly audit   'require-from-string': [ '2.0.2' ],
17 silly audit   'require-main-filename': [ '2.0.0' ],
17 silly audit   requireg: [ '0.2.2' ],
17 silly audit   reselect: [ '5.1.1' ],
17 silly audit   'resolve-cwd': [ '3.0.0' ],
17 silly audit   'resolve-workspace-root': [ '2.0.1' ],
17 silly audit   'resolve.exports': [ '2.0.3' ],
17 silly audit   reusify: [ '1.1.0' ],
17 silly audit   rimraf: [ '3.0.2' ],
17 silly audit   'run-parallel': [ '1.2.0' ],
17 silly audit   'safe-array-concat': [ '1.1.3' ],
17 silly audit   'safe-buffer': [ '5.2.1' ],
17 silly audit   'safe-push-apply': [ '1.0.0' ],
17 silly audit   'safe-regex-test': [ '1.1.0' ],
17 silly audit   'safer-buffer': [ '2.1.2' ],
17 silly audit   sax: [ '1.5.0' ],
17 silly audit   scheduler: [ '0.26.0' ],
17 silly audit   send: [ '0.19.2' ],
17 silly audit   'serialize-error': [ '2.1.0' ],
17 silly audit   'serve-static': [ '1.16.3' ],
17 silly audit   'set-blocking': [ '2.0.0' ],
17 silly audit   'set-function-length': [ '1.2.2' ],
17 silly audit   'set-function-name': [ '2.0.2' ],
17 silly audit   'set-proto': [ '1.0.0' ],
17 silly audit   setprototypeof: [ '1.2.0' ],
17 silly audit   'shebang-command': [ '2.0.0' ],
17 silly audit   'shebang-regex': [ '3.0.0' ],
17 silly audit   'shell-quote': [ '1.8.3' ],
17 silly audit   'side-channel': [ '1.1.0' ],
17 silly audit   'side-channel-list': [ '1.0.0' ],
17 silly audit   'side-channel-map': [ '1.0.1' ],
17 silly audit   'side-channel-weakmap': [ '1.0.2' ],
17 silly audit   'signal-exit': [ '3.0.7' ],
17 silly audit   'simple-plist': [ '1.3.1' ],
17 silly audit   'simple-swizzle': [ '0.2.4' ],
17 silly audit   sisteransi: [ '1.0.5' ],
17 silly audit   slash: [ '3.0.0' ],
17 silly audit   'slice-ansi': [ '2.1.0' ],
17 silly audit   slugify: [ '1.6.6' ],
17 silly audit   'snake-case': [ '3.0.4' ],
17 silly audit   'source-map-js': [ '1.2.1' ],
17 silly audit   'split-on-first': [ '1.1.0' ],
17 silly audit   'sprintf-js': [ '1.0.3' ],
17 silly audit   'stack-utils': [ '2.0.6' ],
17 silly audit   stackframe: [ '1.3.4' ],
17 silly audit   'stacktrace-parser': [ '0.1.11' ],
17 silly audit   'stop-iteration-iterator': [ '1.1.0' ],
17 silly audit   'stream-buffers': [ '2.2.0' ],
17 silly audit   'strict-uri-encode': [ '2.0.0' ],
17 silly audit   'strict-url-sanitise': [ '0.0.1' ],
17 silly audit   string_decoder: [ '1.3.0' ],
17 silly audit   'string-length': [ '4.0.2' ],
17 silly audit   'string-natural-compare': [ '3.0.1' ],
17 silly audit   'string-width': [ '4.2.3' ],
17 silly audit   'string.prototype.matchall': [ '4.0.12' ],
17 silly audit   'string.prototype.repeat': [ '1.0.0' ],
17 silly audit   'string.prototype.trim': [ '1.2.10' ],
17 silly audit   'string.prototype.trimend': [ '1.0.9' ],
17 silly audit   'string.prototype.trimstart': [ '1.0.8' ],
17 silly audit   'strip-bom': [ '4.0.0' ],
17 silly audit   'strip-final-newline': [ '2.0.0' ],
17 silly audit   strnum: [ '2.2.0' ],
17 silly audit   'structured-headers': [ '0.4.1' ],
17 silly audit   sucrase: [ '3.35.1' ],
17 silly audit   'supports-hyperlinks': [ '2.3.0' ],
17 silly audit   'supports-preserve-symlinks-flag': [ '1.0.0' ],
17 silly audit   'svg-parser': [ '2.0.4' ],
17 silly audit   svgo: [ '3.3.2' ],
17 silly audit   tailwindcss: [ '3.4.19' ],
17 silly audit   tar: [ '7.5.10' ],
17 silly audit   yallist: [ '5.0.0', '3.1.1' ],
17 silly audit   'terminal-link': [ '2.1.1' ],
17 silly audit   terser: [ '5.46.0' ],
17 silly audit   'test-exclude': [ '6.0.0' ],
17 silly audit   'text-table': [ '0.2.0' ],
17 silly audit   thenify: [ '3.3.1' ],
17 silly audit   'thenify-all': [ '1.6.0' ],
17 silly audit   throat: [ '5.0.0' ],
17 silly audit   tinyglobby: [ '0.2.15' ],
17 silly audit   fdir: [ '6.5.0' ],
17 silly audit   tmpl: [ '1.0.5' ],
17 silly audit   'to-regex-range': [ '5.0.1' ],
17 silly audit   toidentifier: [ '1.0.1' ],
17 silly audit   'ts-api-utils': [ '1.4.3' ],
17 silly audit   'ts-interface-checker': [ '0.1.13' ],
17 silly audit   tslib: [ '2.8.1', '1.14.1' ],
17 silly audit   tsutils: [ '3.21.0' ],
17 silly audit   'type-check': [ '0.4.0' ],
17 silly audit   'type-detect': [ '4.0.8' ],
17 silly audit   'type-is': [ '2.0.1' ],
17 silly audit   'typed-array-buffer': [ '1.0.3' ],
17 silly audit   'typed-array-byte-length': [ '1.0.3' ],
17 silly audit   'typed-array-byte-offset': [ '1.0.4' ],
17 silly audit   'typed-array-length': [ '1.0.7' ],
17 silly audit   typescript: [ '5.9.3' ],
17 silly audit   'unbox-primitive': [ '1.1.0' ],
17 silly audit   undici: [ '6.23.0' ],
17 silly audit   'undici-types': [ '6.20.0' ],
17 silly audit   'unicode-canonical-property-names-ecmascript': [ '2.0.1' ],
17 silly audit   'unicode-match-property-ecmascript': [ '2.0.0' ],
17 silly audit   'unicode-match-property-value-ecmascript': [ '2.2.1' ],
17 silly audit   'unicode-property-aliases-ecmascript': [ '2.2.0' ],
17 silly audit   universalify: [ '0.1.2' ],
17 silly audit   unpipe: [ '1.0.0' ],
17 silly audit   'update-browserslist-db': [ '1.2.3' ],
17 silly audit   'uri-js': [ '4.4.1' ],
17 silly audit   'use-latest-callback': [ '0.2.6' ],
17 silly audit   'use-sync-external-store': [ '1.6.0' ],
17 silly audit   'util-deprecate': [ '1.0.2' ],
17 silly audit   'utils-merge': [ '1.0.1' ],
17 silly audit   uuid: [ '7.0.3' ],
17 silly audit   'v8-to-istanbul': [ '9.3.0' ],
17 silly audit   'validate-npm-package-name': [ '5.0.1' ],
17 silly audit   vary: [ '1.1.2' ],
17 silly audit   vlq: [ '1.0.1' ],
17 silly audit   walker: [ '1.0.8' ],
17 silly audit   'warn-once': [ '0.1.1' ],
17 silly audit   wcwidth: [ '1.0.1' ],
17 silly audit   'web-vitals': [ '4.2.4' ],
17 silly audit   'websocket-driver': [ '0.7.4' ],
17 silly audit   'websocket-extensions': [ '0.1.4' ],
17 silly audit   'whatwg-fetch': [ '3.6.20' ],
17 silly audit   'whatwg-url-without-unicode': [ '8.0.0-3' ],
17 silly audit   'webidl-conversions': [ '5.0.0' ],
17 silly audit   which: [ '2.0.2' ],
17 silly audit   'which-boxed-primitive': [ '1.1.1' ],
17 silly audit   'which-builtin-type': [ '1.2.1' ],
17 silly audit   'which-collection': [ '1.0.2' ],
17 silly audit   'which-module': [ '2.0.1' ],
17 silly audit   'which-typed-array': [ '1.1.20' ],
17 silly audit   wonka: [ '6.3.5' ],
17 silly audit   'word-wrap': [ '1.2.5' ],
17 silly audit   wrappy: [ '1.0.2' ],
17 silly audit   'write-file-atomic': [ '4.0.2' ],
17 silly audit   xcode: [ '3.0.1' ],
17 silly audit   xml2js: [ '0.6.0' ],
17 silly audit   xmlbuilder: [ '11.0.1', '15.1.1' ],
17 silly audit   yaml: [ '2.8.2' ],
17 silly audit   'yocto-queue': [ '0.1.0' ]
17 silly audit }
18 http cache @react-native/metro-config@https://registry.npmjs.org/@react-native/metro-config/-/metro-config-0.81.5.tgz 8ms (cache hit)
19 http cache @react-native/metro-babel-transformer@https://registry.npmjs.org/@react-native/metro-babel-transformer/-/metro-babel-transformer-0.81.5.tgz 0ms (cache hit)
20 silly tarball no local data for @react-native/metro-config@https://registry.npmjs.org/@react-native/metro-config/-/metro-config-0.81.5.tgz. Extracting by manifest.
21 silly tarball no local data for @react-native/metro-babel-transformer@https://registry.npmjs.org/@react-native/metro-babel-transformer/-/metro-babel-transformer-0.81.5.tgz. Extracting by manifest.
22 http fetch POST 200 https://registry.npmjs.org/-/npm/v1/security/advisories/bulk 656ms
23 silly audit report {
23 silly audit report   minimatch: [
23 silly audit report     {
23 silly audit report       id: 1113459,
23 silly audit report       url: 'https://github.com/advisories/GHSA-3ppc-4f35-3m26',
23 silly audit report       title: 'minimatch has a ReDoS via repeated wildcards with non-matching literal in pattern',
23 silly audit report       severity: 'high',
23 silly audit report       vulnerable_versions: '<3.1.3',
23 silly audit report       cwe: [Array],
23 silly audit report       cvss: [Object]
23 silly audit report     },
23 silly audit report     {
23 silly audit report       id: 1113538,
23 silly audit report       url: 'https://github.com/advisories/GHSA-7r86-cg39-jmmj',
23 silly audit report       title: 'minimatch has ReDoS: matchOne() combinatorial backtracking via multiple non-adjacent GLOBSTAR segments',
23 silly audit report       severity: 'high',
23 silly audit report       vulnerable_versions: '<3.1.3',
23 silly audit report       cwe: [Array],
23 silly audit report       cvss: [Object]
23 silly audit report     },
23 silly audit report     {
23 silly audit report       id: 1113546,
23 silly audit report       url: 'https://github.com/advisories/GHSA-23c5-xmqv-rm74',
23 silly audit report       title: 'minimatch ReDoS: nested *() extglobs generate catastrophically backtracking regular expressions',
23 silly audit report       severity: 'high',
23 silly audit report       vulnerable_versions: '<3.1.4',
23 silly audit report       cwe: [Array],
23 silly audit report       cvss: [Object]
23 silly audit report     }
23 silly audit report   ],
23 silly audit report   'js-yaml': [
23 silly audit report     {
23 silly audit report       id: 1112714,
23 silly audit report       url: 'https://github.com/advisories/GHSA-mh29-5h37-fv8m',
23 silly audit report       title: 'js-yaml has prototype pollution in merge (<<)',
23 silly audit report       severity: 'moderate',
23 silly audit report       vulnerable_versions: '<3.14.2',
23 silly audit report       cwe: [Array],
23 silly audit report       cvss: [Object]
23 silly audit report     },
23 silly audit report     {
23 silly audit report       id: 1112715,
23 silly audit report       url: 'https://github.com/advisories/GHSA-mh29-5h37-fv8m',
23 silly audit report       title: 'js-yaml has prototype pollution in merge (<<)',
23 silly audit report       severity: 'moderate',
23 silly audit report       vulnerable_versions: '>=4.0.0 <4.1.1',
23 silly audit report       cwe: [Array],
23 silly audit report       cvss: [Object]
23 silly audit report     }
23 silly audit report   ],
23 silly audit report   ajv: [
23 silly audit report     {
23 silly audit report       id: 1113714,
23 silly audit report       url: 'https://github.com/advisories/GHSA-2g4f-4pwh-qvx6',
23 silly audit report       title: 'ajv has ReDoS when using `$data` option',
23 silly audit report       severity: 'moderate',
23 silly audit report       vulnerable_versions: '<6.14.0',
23 silly audit report       cwe: [Array],
23 silly audit report       cvss: [Object]
23 silly audit report     }
23 silly audit report   ],
23 silly audit report   svgo: [
23 silly audit report     {
23 silly audit report       id: 1114151,
23 silly audit report       url: 'https://github.com/advisories/GHSA-xpqw-6gx7-v673',
23 silly audit report       title: 'SVGO DoS through entity expansion in DOCTYPE (Billion Laughs)',
23 silly audit report       severity: 'high',
23 silly audit report       vulnerable_versions: '>=3.0.0 <3.3.3',
23 silly audit report       cwe: [Array],
23 silly audit report       cvss: [Object]
23 silly audit report     }
23 silly audit report   ],
23 silly audit report   tar: [
23 silly audit report     {
23 silly audit report       id: 1114302,
23 silly audit report       url: 'https://github.com/advisories/GHSA-9ppj-qmqm-q256',
23 silly audit report       title: 'node-tar Symlink Path Traversal via Drive-Relative Linkpath',
23 silly audit report       severity: 'high',
23 silly audit report       vulnerable_versions: '<=7.5.10',
23 silly audit report       cwe: [Array],
23 silly audit report       cvss: [Object]
23 silly audit report     }
23 silly audit report   ]
23 silly audit report }
24 silly packumentCache corgi:https://registry.npmjs.org/minimatch cache-miss
25 silly packumentCache corgi:https://registry.npmjs.org/js-yaml cache-miss
26 silly packumentCache corgi:https://registry.npmjs.org/ajv cache-miss
27 silly packumentCache corgi:https://registry.npmjs.org/svgo cache-miss
28 silly packumentCache corgi:https://registry.npmjs.org/tar cache-miss
29 http cache https://registry.npmjs.org/js-yaml 116ms (cache hit)
30 silly packumentCache corgi:https://registry.npmjs.org/js-yaml set size:58533 disposed:false
31 http cache https://registry.npmjs.org/minimatch 131ms (cache hit)
32 silly packumentCache corgi:https://registry.npmjs.org/minimatch set size:167610 disposed:false
33 http cache https://registry.npmjs.org/svgo 137ms (cache hit)
34 silly packumentCache corgi:https://registry.npmjs.org/svgo set size:138618 disposed:false
35 http cache https://registry.npmjs.org/ajv 152ms (cache hit)
36 silly packumentCache corgi:https://registry.npmjs.org/ajv set size:464537 disposed:false
37 http cache https://registry.npmjs.org/tar 174ms (cache hit)
38 silly packumentCache corgi:https://registry.npmjs.org/tar set size:197340 disposed:false
39 silly packumentCache corgi:https://registry.npmjs.org/@eslint%2feslintrc cache-miss
40 silly packumentCache corgi:https://registry.npmjs.org/@humanwhocodes%2fconfig-array cache-miss
41 silly packumentCache corgi:https://registry.npmjs.org/eslint cache-miss
42 silly packumentCache corgi:https://registry.npmjs.org/glob cache-miss
43 silly packumentCache corgi:https://registry.npmjs.org/test-exclude cache-miss
44 http cache https://registry.npmjs.org/@eslint%2feslintrc 197ms (cache hit)
45 silly packumentCache corgi:https://registry.npmjs.org/@eslint%2feslintrc set size:83205 disposed:false
46 http cache https://registry.npmjs.org/eslint 210ms (cache hit)
47 silly packumentCache corgi:https://registry.npmjs.org/eslint set size:1142103 disposed:false
48 http cache https://registry.npmjs.org/@humanwhocodes%2fconfig-array 273ms (cache hit)
49 silly packumentCache corgi:https://registry.npmjs.org/@humanwhocodes%2fconfig-array set size:69299 disposed:false
50 http cache https://registry.npmjs.org/glob 279ms (cache hit)
51 silly packumentCache corgi:https://registry.npmjs.org/glob set size:199194 disposed:false
52 http cache https://registry.npmjs.org/test-exclude 291ms (cache hit)
53 silly packumentCache corgi:https://registry.npmjs.org/test-exclude set size:42527 disposed:false
54 silly packumentCache corgi:https://registry.npmjs.org/@istanbuljs%2fload-nyc-config cache-miss
55 http fetch GET 200 https://registry.npmjs.org/@react-native/metro-babel-transformer/-/metro-babel-transformer-0.81.5.tgz 1062ms (cache miss)
56 http fetch GET 200 https://registry.npmjs.org/@react-native/metro-config/-/metro-config-0.81.5.tgz 1081ms (cache miss)
57 http cache https://registry.npmjs.org/@istanbuljs%2fload-nyc-config 8633ms (cache hit)
58 silly packumentCache corgi:https://registry.npmjs.org/@istanbuljs%2fload-nyc-config set size:8602 disposed:false
59 silly packumentCache corgi:https://registry.npmjs.org/@expo%2fxcpretty cache-miss
60 silly packumentCache corgi:https://registry.npmjs.org/cosmiconfig cache-miss
61 http cache https://registry.npmjs.org/@expo%2fxcpretty 50ms (cache hit)
62 silly packumentCache corgi:https://registry.npmjs.org/@expo%2fxcpretty set size:46559 disposed:false
63 http cache https://registry.npmjs.org/cosmiconfig 51ms (cache hit)
64 silly packumentCache corgi:https://registry.npmjs.org/cosmiconfig set size:83406 disposed:false
65 silly packumentCache corgi:https://registry.npmjs.org/@svgr%2fplugin-svgo cache-miss
66 http cache https://registry.npmjs.org/@svgr%2fplugin-svgo 17ms (cache hit)
67 silly packumentCache corgi:https://registry.npmjs.org/@svgr%2fplugin-svgo set size:36570 disposed:false
68 silly packumentCache corgi:https://registry.npmjs.org/@expo%2fcli cache-miss
69 http cache https://registry.npmjs.org/@expo%2fcli 28ms (cache hit)
70 silly packumentCache corgi:https://registry.npmjs.org/@expo%2fcli set size:1414164 disposed:false
71 silly ADD node_modules/@react-native/metro-config
72 silly ADD node_modules/@react-native/metro-config/node_modules/@react-native/metro-babel-transformer
73 verbose cwd C:\Users\beerk\LudoGame
74 verbose os Windows_NT 10.0.19045
75 verbose node v24.13.1
76 verbose npm  v11.8.0
77 verbose exit 0
78 info ok
